<?xml version="1.0" encoding="UTF-8"?>
<!-- Generated by org.testng.reporters.JUnitReportReporter -->
<testsuite hostname="Ashim" failures="0" tests="9" name="AdvanceSeleniumTestNg.ToLearnThreadPoolSize" time="119.588" errors="0" timestamp="2025-06-06T11:39:53 IST" skipped="0">
  <testcase classname="AdvanceSeleniumTestNg.ToLearnThreadPoolSize" name="demowebshop" time="6.713">
    <system-out>
      <![CDATA[demowebshop get executed]]>
    </system-out>
  </testcase> <!-- demowebshop -->
  <testcase classname="AdvanceSeleniumTestNg.ToLearnThreadPoolSize" name="Testgorilla" time="6.644">
    <system-out>
      <![CDATA[testgorilla website launch]]>
    </system-out>
  </testcase> <!-- Testgorilla -->
  <testcase classname="AdvanceSeleniumTestNg.ToLearnThreadPoolSize" name="demowebshop" time="7.181">
    <system-out>
      <![CDATA[demowebshop get executed]]>
    </system-out>
  </testcase> <!-- demowebshop -->
  <testcase classname="AdvanceSeleniumTestNg.ToLearnThreadPoolSize" name="demoqa" time="6.798">
    <system-out>
      <![CDATA[demoqa get executed]]>
    </system-out>
  </testcase> <!-- demoqa -->
  <testcase classname="AdvanceSeleniumTestNg.ToLearnThreadPoolSize" name="Testgorilla" time="9.672">
    <system-out>
      <![CDATA[testgorilla website launch]]>
    </system-out>
  </testcase> <!-- Testgorilla -->
  <testcase classname="AdvanceSeleniumTestNg.ToLearnThreadPoolSize" name="demoqa" time="30.762">
    <system-out>
      <![CDATA[demoqa get executed]]>
    </system-out>
  </testcase> <!-- demoqa -->
  <testcase classname="AdvanceSeleniumTestNg.ToLearnThreadPoolSize" name="demoqa" time="25.007">
    <system-out>
      <![CDATA[demoqa get executed]]>
    </system-out>
  </testcase> <!-- demoqa -->
  <testcase classname="AdvanceSeleniumTestNg.ToLearnThreadPoolSize" name="demoqa" time="20.576">
    <system-out>
      <![CDATA[demoqa get executed]]>
    </system-out>
  </testcase> <!-- demoqa -->
  <testcase classname="AdvanceSeleniumTestNg.ToLearnThreadPoolSize" name="demowebshop" time="6.235">
    <system-out>
      <![CDATA[demowebshop get executed]]>
    </system-out>
  </testcase> <!-- demowebshop -->
  <system-out>
    <![CDATA[amazon get executed 
amazon get executed 
amazon get executed 
amazon get executed 
amazon get executed 
testgorilla website launch
testgorilla website launch
demoqa get executed
demoqa get executed
demoqa get executed
demoqa get executed
demowebshop get executed
demowebshop get executed
demowebshop get executed]]>
  </system-out>
</testsuite> <!-- AdvanceSeleniumTestNg.ToLearnThreadPoolSize -->
