<?xml version="1.0" encoding="UTF-8"?>
<!-- Generated by org.testng.reporters.JUnitReportReporter -->
<testsuite hostname="Ashim" failures="0" tests="1" name="USINGTESTNGPROJECTFORECOMMERCEWEBSITE.TC_NI_02" time="17.903" errors="0" timestamp="2025-06-06T11:43:47 IST" skipped="0">
  <testcase classname="USINGTESTNGPROJECTFORECOMMERCEWEBSITE.TC_NI_02" name="toCheckComputerPage" time="17.903">
    <system-out>
      <![CDATA[Successfully Navigated to Computer Page]]>
    </system-out>
  </testcase> <!-- toCheckComputerPage -->
  <system-out>
    <![CDATA[Browser Got Launched
Browser got maximized
Successfully navigated to Demo Web Page
Login Successfully to Demo Web Shop Tricentis
Successfully Navigated to Computer Page
Account Successfully Logout
Browser Successfully Closed]]>
  </system-out>
</testsuite> <!-- USINGTESTNGPROJECTFORECOMMERCEWEBSITE.TC_NI_02 -->
