<?xml version="1.0" encoding="UTF-8"?>
<!-- Generated by org.testng.reporters.JUnitReportReporter -->
<testsuite hostname="Ashim" failures="0" tests="4" name="AdvanceSeleniumTestNg.ToLearnEnabled$ToLearnThreadPoolSize" time="46.509" errors="0" timestamp="2025-05-26T10:02:53 IST" skipped="1">
  <testcase classname="AdvanceSeleniumTestNg.ToLearnEnabled$ToLearnThreadPoolSize" name="demowebshop" time="15.520">
    <system-out>
      <![CDATA[demowebshop get executed]]>
    </system-out>
  </testcase> <!-- demowebshop -->
  <testcase classname="AdvanceSeleniumTestNg.ToLearnEnabled$ToLearnThreadPoolSize" name="demowebshop" time="15.521">
    <system-out>
      <![CDATA[demowebshop get executed]]>
    </system-out>
  </testcase> <!-- demowebshop -->
  <testcase classname="AdvanceSeleniumTestNg.ToLearnEnabled$ToLearnThreadPoolSize" name="demowebshop" time="15.468">
    <system-out>
      <![CDATA[demowebshop get executed]]>
    </system-out>
  </testcase> <!-- demowebshop -->
  <testcase classname="AdvanceSeleniumTestNg.ToLearnEnabled$ToLearnThreadPoolSize" name="Testgorilla">
    <skipped/>
  </testcase> <!-- Testgorilla -->
  <system-out>
    <![CDATA[demowebshop get executed
demowebshop get executed
demowebshop get executed]]>
  </system-out>
</testsuite> <!-- AdvanceSeleniumTestNg.ToLearnEnabled$ToLearnThreadPoolSize -->
