<?xml version="1.0" encoding="UTF-8"?>
<!-- Generated by org.testng.reporters.JUnitReportReporter -->
<testsuite hostname="Ashim" failures="0" tests="6" name="AdvanceSeleniumTestNg.ToLearnPriority" time="27.202" errors="0" timestamp="2025-06-02T15:16:42 IST" skipped="0">
  <testcase classname="AdvanceSeleniumTestNg.ToLearnPriority" name="amazon" time="3.183"/>
  <testcase classname="AdvanceSeleniumTestNg.ToLearnPriority" name="cricbuzz" time="4.921">
    <system-out>
      <![CDATA[cricbuzz is launched]]>
    </system-out>
  </testcase> <!-- cricbuzz -->
  <testcase classname="AdvanceSeleniumTestNg.ToLearnPriority" name="amazon" time="3.009"/>
  <testcase classname="AdvanceSeleniumTestNg.ToLearnPriority" name="cricbuzz" time="6.602">
    <system-out>
      <![CDATA[cricbuzz is launched]]>
    </system-out>
  </testcase> <!-- cricbuzz -->
  <testcase classname="AdvanceSeleniumTestNg.ToLearnPriority" name="cricbuzz" time="6.410">
    <system-out>
      <![CDATA[cricbuzz is launched]]>
    </system-out>
  </testcase> <!-- cricbuzz -->
  <testcase classname="AdvanceSeleniumTestNg.ToLearnPriority" name="amazon" time="3.077"/>
  <system-out>
    <![CDATA[amazon get executed 
amazon get executed 
amazon get executed 
amazon get executed 
amazon get executed 
cricbuzz is launched
cricbuzz is launched
cricbuzz is launched]]>
  </system-out>
</testsuite> <!-- AdvanceSeleniumTestNg.ToLearnPriority -->
