<?xml version="1.0" encoding="UTF-8"?>
<!-- Generated by org.testng.reporters.JUnitReportReporter -->
<testsuite hostname="Ashim" failures="0" tests="7" name="testng.InvocationCount" time="26.345" errors="0" timestamp="2025-05-26T09:11:36 IST" skipped="0">
  <testcase classname="testng.InvocationCount" name="cricket" time="6.489"/>
  <testcase classname="testng.InvocationCount" name="cricket" time="2.731"/>
  <testcase classname="testng.InvocationCount" name="cricket" time="2.061"/>
  <testcase classname="testng.InvocationCount" name="badminton" time="4.667"/>
  <testcase classname="testng.InvocationCount" name="swimming" time="2.558"/>
  <testcase classname="testng.InvocationCount" name="swimming" time="2.478"/>
  <testcase classname="testng.InvocationCount" name="badminton" time="5.361"/>
</testsuite> <!-- testng.InvocationCount -->
