<?xml version="1.0" encoding="UTF-8"?>
<!-- Generated by org.testng.reporters.JUnitReportReporter -->
<testsuite hostname="Ashim" failures="0" tests="3" name="testng.ToLearnTestNg" time="0.028" errors="0" timestamp="2025-05-23T10:50:17 IST" skipped="0">
  <testcase classname="testng.ToLearnTestNg" name="cricbuzz" time="0.016">
    <system-out>
      <![CDATA[Cricbuzz is executed]]>
    </system-out>
  </testcase> <!-- cricbuzz -->
  <testcase classname="testng.ToLearnTestNg" name="zomato" time="0.005">
    <system-out>
      <![CDATA[Zomato App is executed]]>
    </system-out>
  </testcase> <!-- zomato -->
  <testcase classname="testng.ToLearnTestNg" name="amazon" time="0.007">
    <system-out>
      <![CDATA[Amazon App is Excuted
Selenium class]]>
    </system-out>
  </testcase> <!-- amazon -->
  <system-out>
    <![CDATA[Cricbuzz is executed
Zomato App is executed
Amazon App is Excuted
Selenium class]]>
  </system-out>
</testsuite> <!-- testng.ToLearnTestNg -->
