<?xml version="1.0" encoding="UTF-8"?>
<!-- Generated by org.testng.reporters.JUnitReportReporter -->
<testsuite hostname="Ashim" failures="0" tests="8" name="AdvanceSeleniumTestNg.ToLearnInvocationCount" time="57.637" errors="0" timestamp="2025-06-06T11:39:53 IST" skipped="0">
  <testcase classname="AdvanceSeleniumTestNg.ToLearnInvocationCount" name="flipkart" time="4.744"/>
  <testcase classname="AdvanceSeleniumTestNg.ToLearnInvocationCount" name="flipkart" time="5.269"/>
  <testcase classname="AdvanceSeleniumTestNg.ToLearnInvocationCount" name="flipkart" time="4.463"/>
  <testcase classname="AdvanceSeleniumTestNg.ToLearnInvocationCount" name="amazon" time="9.427">
    <system-out>
      <![CDATA[amazon get executed ]]>
    </system-out>
  </testcase> <!-- amazon -->
  <testcase classname="AdvanceSeleniumTestNg.ToLearnInvocationCount" name="amazon" time="9.541">
    <system-out>
      <![CDATA[amazon get executed ]]>
    </system-out>
  </testcase> <!-- amazon -->
  <testcase classname="AdvanceSeleniumTestNg.ToLearnInvocationCount" name="amazon" time="7.151">
    <system-out>
      <![CDATA[amazon get executed ]]>
    </system-out>
  </testcase> <!-- amazon -->
  <testcase classname="AdvanceSeleniumTestNg.ToLearnInvocationCount" name="amazon" time="7.500">
    <system-out>
      <![CDATA[amazon get executed ]]>
    </system-out>
  </testcase> <!-- amazon -->
  <testcase classname="AdvanceSeleniumTestNg.ToLearnInvocationCount" name="amazon" time="9.542">
    <system-out>
      <![CDATA[amazon get executed ]]>
    </system-out>
  </testcase> <!-- amazon -->
  <system-out>
    <![CDATA[amazon get executed 
amazon get executed 
amazon get executed 
amazon get executed 
amazon get executed 
testgorilla website launch
testgorilla website launch
demoqa get executed
demoqa get executed
demoqa get executed
demoqa get executed
demowebshop get executed
demowebshop get executed
demowebshop get executed]]>
  </system-out>
</testsuite> <!-- AdvanceSeleniumTestNg.ToLearnInvocationCount -->
