<?xml version="1.0" encoding="UTF-8"?>
<!-- Generated by org.testng.reporters.JUnitReportReporter -->
<testsuite hostname="Ashim" failures="0" tests="1" name="USINGTESTNGPROJECTFORECOMMERCEWEBSITE.TC_NI_003" time="20.634" errors="0" timestamp="2025-06-06T13:06:19 IST" skipped="0">
  <testcase classname="USINGTESTNGPROJECTFORECOMMERCEWEBSITE.TC_NI_003" name="ToCheckElectronics" time="20.634">
    <system-out>
      <![CDATA[Smartphone added into cart button]]>
    </system-out>
  </testcase> <!-- ToCheckElectronics -->
  <system-out>
    <![CDATA[Browser Got Launched
Browser got maximized
Successfully navigated to Demo Web Page
Login Successfully to Demo Web Shop Tricentis
Navigated to Books Page Successfully
Account Successfully Logout
Browser Successfully Closed
Browser Got Launched
Browser got maximized
Successfully navigated to Demo Web Page
Login Successfully to Demo Web Shop Tricentis
Account Successfully Logout
Browser Successfully Closed
Browser Got Launched
Browser got maximized
Successfully navigated to Demo Web Page
Login Successfully to Demo Web Shop Tricentis
Smartphone added into cart button
Account Successfully Logout
Browser Successfully Closed
Browser Got Launched
Browser got maximized
Successfully navigated to Demo Web Page
Login Successfully to Demo Web Shop Tricentis
Account Successfully Logout
Browser Successfully Closed]]>
  </system-out>
</testsuite> <!-- USINGTESTNGPROJECTFORECOMMERCEWEBSITE.TC_NI_003 -->
