<?xml version="1.0" encoding="UTF-8"?>
<!-- Generated by org.testng.reporters.JUnitReportReporter -->
<testsuite hostname="Ashim" failures="0" tests="4" name="AdvanceSeleniumTestNg.ToLearnDependsOnMethods" time="51.787" errors="0" timestamp="2025-05-26T10:24:42 IST" skipped="0">
  <testcase classname="AdvanceSeleniumTestNg.ToLearnDependsOnMethods" name="Testgorilla" time="18.378">
    <system-out>
      <![CDATA[testgorilla website launch]]>
    </system-out>
  </testcase> <!-- Testgorilla -->
  <testcase classname="AdvanceSeleniumTestNg.ToLearnDependsOnMethods" name="Testgorilla" time="18.374">
    <system-out>
      <![CDATA[testgorilla website launch]]>
    </system-out>
  </testcase> <!-- Testgorilla -->
  <testcase classname="AdvanceSeleniumTestNg.ToLearnDependsOnMethods" name="demowebshop" time="8.709">
    <system-out>
      <![CDATA[demowebshop get executed]]>
    </system-out>
  </testcase> <!-- demowebshop -->
  <testcase classname="AdvanceSeleniumTestNg.ToLearnDependsOnMethods" name="flipkart" time="6.326"/>
  <system-out>
    <![CDATA[demowebshop get executed
testgorilla website launch
testgorilla website launch]]>
  </system-out>
</testsuite> <!-- AdvanceSeleniumTestNg.ToLearnDependsOnMethods -->
