<?xml version="1.0" encoding="UTF-8"?>
<!-- Generated by org.testng.reporters.JUnitReportReporter -->
<testsuite hostname="Ashim" failures="0" tests="1" name="AdvanceSeleniumTestNg.TolearnConfigurationAnnotations" time="0.032" errors="0" timestamp="2025-05-27T10:36:01 IST" skipped="0">
  <testcase classname="AdvanceSeleniumTestNg.TolearnConfigurationAnnotations" name="testExecuted" time="0.032">
    <system-out>
      <![CDATA[Test got executed]]>
    </system-out>
  </testcase> <!-- testExecuted -->
  <system-out>
    <![CDATA[Before Suite got executed
Before Test got execute
Before Class got executed
Before Method got executed
Test got executed
After method got executed
After class got executed
After test got executed
After Suite got Executed]]>
  </system-out>
</testsuite> <!-- AdvanceSeleniumTestNg.TolearnConfigurationAnnotations -->
